Summary of 'house_prices_india.csv'
--------------------
Number of Records: 14620
Average price of Houses:  538932.2183
********************
Summary of 'house_prices_india.csv'
--------------------
Number of Records: 14620
Average price of Houses:  538932.2183
********************
Summary of 'house_prices_india.csv' at 2026-04-30 10:44:00.055754 
--------------------
Number of Records: 14620
Average price of Houses:  538932.2183
********************
Summary of 'house_prices_india.csv' at Thu 30 Apr 2026, 10:45AM 
--------------------
Number of Records: 14620
Average price of Houses:  538932.2183
********************
Summary of 'house_prices_india.csv' at Thu 30 Apr 2026, 10:45AM 
--------------------
Number of Records: 14620
Average price of Houses:  538932.2183
********************
